shared/build/intermediates/manifest_merge_blame_file/debug/manifest-merger-blame-debug-report.txt
1<?xml version="1.0" encoding="utf-8"?>
2<manifest xmlns:android="http://schemas.android.com/apk/res/android"
3    package="com.example.catchup.shared"
4    android:versionCode="1"
5    android:versionName="1.0" >
6
7    <uses-sdk
8        android:minSdkVersion="28"
8-->src\main\AndroidManifest.xml
9        android:targetSdkVersion="29" />
9-->src\main\AndroidManifest.xml
10
11    <uses-permission android:name="android.permission.INTERNET" />
11-->src\main\AndroidManifest.xml:4:5-66
11-->src\main\AndroidManifest.xml:4:22-64
12
13    <application>
13-->src\main\AndroidManifest.xml:6:5-24:19
14        <meta-data
14-->src\main\AndroidManifest.xml:8:9-10:59
15            android:name="com.google.android.gms.car.application"
15-->src\main\AndroidManifest.xml:9:13-66
16            android:resource="@xml/automotive_app_desc" />
16-->src\main\AndroidManifest.xml:10:13-56
17
18        <!--
19         Main music service, provides media browsing and media playback services to
20         consumers through MediaBrowserService and MediaSession. Consumers connect to it through
21         MediaBrowser (for browsing) and MediaController (for playback control)
22        -->
23        <service
23-->src\main\AndroidManifest.xml:16:9-22:19
24            android:name="com.example.catchup.shared.SoundService"
24-->src\main\AndroidManifest.xml:17:13-67
25            android:exported="true" >
25-->src\main\AndroidManifest.xml:18:13-36
26            <intent-filter>
26-->src\main\AndroidManifest.xml:19:13-21:29
27                <action android:name="android.media.browse.MediaBrowserService" />
27-->src\main\AndroidManifest.xml:20:17-83
27-->src\main\AndroidManifest.xml:20:25-80
28            </intent-filter>
29        </service>
30    </application>
31
32</manifest>